Flow report for LCD_Tetris
Sat Jan 07 17:29:21 2017
Quartus II Version 9.1 Build 350 03/24/2010 Service Pack 2 SJ Web Edition


---------------------
; Table of Contents ;
---------------------
  1. Legal Notice
  2. Flow Summary
  3. Flow Settings
  4. Flow Non-Default Global Settings
  5. Flow Elapsed Time
  6. Flow OS Summary
  7. Flow Log



----------------
; Legal Notice ;
----------------
Copyright (C) 1991-2010 Altera Corporation
Your use of Altera Corporation's design tools, logic functions 
and other software and tools, and its AMPP partner logic 
functions, and any output files from any of the foregoing 
(including device programming or simulation files), and any 
associated documentation or information are expressly subject 
to the terms and conditions of the Altera Program License 
Subscription Agreement, Altera MegaCore Function License 
Agreement, or other applicable license agreement, including, 
without limitation, that your use is for the sole purpose of 
programming logic devices manufactured by Altera and sold by 
Altera or its authorized distributors.  Please refer to the 
applicable agreement for further details.



+-----------------------------------------------------------------------------------+
; Flow Summary                                                                      ;
+------------------------------------+----------------------------------------------+
; Flow Status                        ; Successful - Sat Jan 07 17:29:06 2017        ;
; Quartus II Version                 ; 9.1 Build 350 03/24/2010 SP 2 SJ Web Edition ;
; Revision Name                      ; LCD_Tetris                                   ;
; Top-level Entity Name              ; LCD_Tetris                                   ;
; Family                             ; Cyclone III                                  ;
; Device                             ; EP3C16Q240C8                                 ;
; Timing Models                      ; Final                                        ;
; Met timing requirements            ; N/A                                          ;
; Total logic elements               ; 10,975 / 15,408 ( 71 % )                     ;
;     Total combinational functions  ; 10,970 / 15,408 ( 71 % )                     ;
;     Dedicated logic registers      ; 986 / 15,408 ( 6 % )                         ;
; Total registers                    ; 986                                          ;
; Total pins                         ; 41 / 161 ( 25 % )                            ;
; Total virtual pins                 ; 0                                            ;
; Total memory bits                  ; 0 / 516,096 ( 0 % )                          ;
; Embedded Multiplier 9-bit elements ; 0 / 112 ( 0 % )                              ;
; Total PLLs                         ; 0 / 4 ( 0 % )                                ;
+------------------------------------+----------------------------------------------+


+-----------------------------------------+
; Flow Settings                           ;
+-------------------+---------------------+
; Option            ; Setting             ;
+-------------------+---------------------+
; Start date & time ; 01/07/2017 17:26:39 ;
; Main task         ; Compilation         ;
; Revision Name     ; LCD_Tetris          ;
+-------------------+---------------------+


+-------------------------------------------------------------------------------------------------------------------------------------------------------------------------------+
; Flow Non-Default Global Settings                                                                                                                                              ;
+------------------------------------+-------------------------------------------------------------------------------------------+---------------+-------------+----------------+
; Assignment Name                    ; Value                                                                                     ; Default Value ; Entity Name ; Section Id     ;
+------------------------------------+-------------------------------------------------------------------------------------------+---------------+-------------+----------------+
; COMPILER_SIGNATURE_ID              ; 277807419126491.148378119905104                                                           ; --            ; --          ; --             ;
; MAX_CORE_JUNCTION_TEMP             ; 85                                                                                        ; --            ; --          ; --             ;
; MIN_CORE_JUNCTION_TEMP             ; 0                                                                                         ; --            ; --          ; --             ;
; MISC_FILE                          ; C:/Users/ZeProgrammer/Desktop/LCM俄羅斯方塊/文字型LCD FPGA 遊戲機/LCD_Tetris.dpf          ; --            ; --          ; --             ;
; MISC_FILE                          ; H:/個人/小專題/LCM俄羅斯方塊/文字型LCD FPGA 遊戲機/LCD_Tetris.dpf                         ; --            ; --          ; --             ;
; MISC_FILE                          ; C:/Users/Administrator/Google 雲端硬碟/LCM俄羅斯方塊/文字型LCD FPGA 遊戲機/LCD_Tetris.dpf ; --            ; --          ; --             ;
; MISC_FILE                          ; D:/桌面/文字型LCD FPGA 遊戲機/LCD_Tetris.dpf                                              ; --            ; --          ; --             ;
; MISC_FILE                          ; D:/桌面/文字型LCD FPGA 遊戲機 畫圖法/LCD_Tetris.dpf                                       ; --            ; --          ; --             ;
; MISC_FILE                          ; C:/Users/ZeProgrammer/Desktop/文字型LCD FPGA 遊戲機 畫圖法/LCD_Tetris.dpf                 ; --            ; --          ; --             ;
; NOMINAL_CORE_SUPPLY_VOLTAGE        ; 1.2V                                                                                      ; --            ; --          ; --             ;
; PARTITION_COLOR                    ; 16764057                                                                                  ; --            ; --          ; Top            ;
; PARTITION_NETLIST_TYPE             ; SOURCE                                                                                    ; --            ; --          ; Top            ;
; USE_GENERATED_PHYSICAL_CONSTRAINTS ; Off                                                                                       ; --            ; --          ; eda_blast_fpga ;
+------------------------------------+-------------------------------------------------------------------------------------------+---------------+-------------+----------------+


+-------------------------------------------------------------------------------------------------------------------------------+
; Flow Elapsed Time                                                                                                             ;
+---------------------------+--------------+-------------------------+---------------------+------------------------------------+
; Module Name               ; Elapsed Time ; Average Processors Used ; Peak Virtual Memory ; Total CPU Time (on all processors) ;
+---------------------------+--------------+-------------------------+---------------------+------------------------------------+
; Analysis & Synthesis      ; 00:01:28     ; 1.0                     ; 289 MB              ; 00:01:27                           ;
; Fitter                    ; 00:00:54     ; 1.0                     ; 365 MB              ; 00:00:54                           ;
; TimeQuest Timing Analyzer ; 00:00:17     ; 1.0                     ; 335 MB              ; 00:00:17                           ;
; Assembler                 ; 00:00:02     ; 1.0                     ; 267 MB              ; 00:00:02                           ;
; Total                     ; 00:02:39     ; --                      ; --                  ; 00:02:38                           ;
+---------------------------+--------------+-------------------------+---------------------+------------------------------------+


+--------------------------------------------------------------------------------------------+
; Flow OS Summary                                                                            ;
+---------------------------+------------------+---------------+------------+----------------+
; Module Name               ; Machine Hostname ; OS Name       ; OS Version ; Processor type ;
+---------------------------+------------------+---------------+------------+----------------+
; Analysis & Synthesis      ; BOSS-1504031214  ; Windows Vista ; 6.2        ; x86_64         ;
; Fitter                    ; BOSS-1504031214  ; Windows Vista ; 6.2        ; x86_64         ;
; Assembler                 ; BOSS-1504031214  ; Windows Vista ; 6.2        ; x86_64         ;
; TimeQuest Timing Analyzer ; BOSS-1504031214  ; Windows Vista ; 6.2        ; x86_64         ;
+---------------------------+------------------+---------------+------------+----------------+


------------
; Flow Log ;
------------
quartus_map --read_settings_files=on --write_settings_files=off LCD_Tetris -c LCD_Tetris
quartus_fit --read_settings_files=off --write_settings_files=off LCD_Tetris -c LCD_Tetris
quartus_asm --read_settings_files=off --write_settings_files=off LCD_Tetris -c LCD_Tetris
quartus_sta LCD_Tetris -c LCD_Tetris



